\BOOKMARK [1][-]{section.1}{Wstep}{}% 1
\BOOKMARK [1][-]{section.2}{Definicja procesu biznesowego}{}% 2
\BOOKMARK [2][-]{subsection.2.1}{Podsumowanie czym jest proces biznesowy}{section.2}% 3
\BOOKMARK [1][-]{section.3}{Kryteria i klasyfikacje proces\363w biznesowych}{}% 4
\BOOKMARK [1][-]{section.4}{Przyk\233ady biznes proces\363w w r\363znych rodzajach firm}{}% 5
\BOOKMARK [2][-]{subsection.4.1}{Biznes procesy w firmie IT}{section.4}% 6
\BOOKMARK [3][-]{subsubsection.4.1.1}{Opis og\363lny procesu}{subsection.4.1}% 7
\BOOKMARK [3][-]{subsubsection.4.1.2}{Wystepujace problemy w firmie}{subsection.4.1}% 8
\BOOKMARK [3][-]{subsubsection.4.1.3}{Wnioski}{subsection.4.1}% 9
\BOOKMARK [3][-]{subsubsection.4.1.4}{Rozwiazanie problem\363w}{subsection.4.1}% 10
\BOOKMARK [3][-]{subsubsection.4.1.5}{Obecny stan}{subsection.4.1}% 11
\BOOKMARK [3][-]{subsubsection.4.1.6}{Proponowany stan}{subsection.4.1}% 12
\BOOKMARK [3][-]{subsubsection.4.1.7}{Klastry SQL Server 2019}{subsection.4.1}% 13
\BOOKMARK [3][-]{subsubsection.4.1.8}{Opis przep\233ywu procesu biznesowego}{subsection.4.1}% 14
\BOOKMARK [2][-]{subsection.4.2}{Biznes procesy w firmach marketingowych}{section.4}% 15
\BOOKMARK [3][-]{subsubsection.4.2.1}{Wstep}{subsection.4.2}% 16
\BOOKMARK [3][-]{subsubsection.4.2.2}{Biznes proces o nazwie 'Opracowanie planu marketingowego'}{subsection.4.2}% 17
\BOOKMARK [1][-]{section.5}{Wnioski}{}% 18
\BOOKMARK [2][-]{subsection.5.1}{Biznes procesy w firmach holelowych}{section.5}% 19
\BOOKMARK [3][-]{subsubsection.5.1.1}{Wstep}{subsection.5.1}% 20
\BOOKMARK [3][-]{subsubsection.5.1.2}{Procesy biznesowe w sektorze hotelarskim}{subsection.5.1}% 21
\BOOKMARK [3][-]{subsubsection.5.1.3}{Strategii uzyskania przewagi konkurencyjnej}{subsection.5.1}% 22
\BOOKMARK [3][-]{subsubsection.5.1.4}{Faza rezerwacji}{subsection.5.1}% 23
\BOOKMARK [3][-]{subsubsection.5.1.5}{Faza przybycia}{subsection.5.1}% 24
